Arguments: 
  C:\Program Files\nodejs\node.exe C:\Users\quoc.t.hoang\AppData\Roaming\npm\node_modules\yarn\bin\yarn.js add dropdown.js

PATH: 
  C:\Program Files (x86)\Common Files\Oracle\Java\javapath;C:\WINDOWS\system32;C:\WINDOWS;C:\WINDOWS\System32\Wbem;C:\WINDOWS\System32\WindowsPowerShell\v1.0\;C:\Program Files\Tableau\Tableau Server\2018.1\extras\Command Line Utility;C:\Program Files\nodejs\;C:\Program Files\Microsoft VS Code\bin;C:\Program Files\Microsoft SQL Server\Client SDK\ODBC\130\Tools\Binn\;C:\Program Files (x86)\Microsoft SQL Server\140\Tools\Binn\;C:\Program Files\Microsoft SQL Server\140\Tools\Binn\;C:\Program Files\Microsoft SQL Server\140\DTS\Binn\;C:\Program Files (x86)\Microsoft SQL Server\150\DTS\Binn\;C:\WINDOWS\System32\OpenSSH\;C:\Users\quoc.t.hoang\AppData\Local\Microsoft\WindowsApps;C:\Users\quoc.t.hoang\AppData\Roaming\npm;C:\Users\quoc.t.hoang\AppData\Local\Programs\Git\cmd;C:\Users\quoc.t.hoang\AppData\Local\GitHubDesktop\bin;%USERPROFILE%\AppData\Local\Microsoft\WindowsApps;

Yarn version: 
  1.9.4

Node version: 
  10.7.0

Platform: 
  win32 x64

Trace: 
  Error: https://registry.yarnpkg.com/dropdown.js: Not found
      at Request.params.callback [as _callback] (C:\Users\quoc.t.hoang\AppData\Roaming\npm\node_modules\yarn\lib\cli.js:64202:18)
      at Request.self.callback (C:\Users\quoc.t.hoang\AppData\Roaming\npm\node_modules\yarn\lib\cli.js:137468:22)
      at Request.emit (events.js:182:13)
      at Request.<anonymous> (C:\Users\quoc.t.hoang\AppData\Roaming\npm\node_modules\yarn\lib\cli.js:138440:10)
      at Request.emit (events.js:182:13)
      at IncomingMessage.<anonymous> (C:\Users\quoc.t.hoang\AppData\Roaming\npm\node_modules\yarn\lib\cli.js:138362:12)
      at Object.onceWrapper (events.js:273:13)
      at IncomingMessage.emit (events.js:187:15)
      at endReadableNT (_stream_readable.js:1081:12)
      at process._tickCallback (internal/process/next_tick.js:63:19)

npm manifest: 
  {
    "name": "libs",
    "version": "1.0.0",
    "main": "index.js",
    "license": "MIT",
    "dependencies": {
      "bootstrap": "^4.1.3",
      "chart.js": "^2.7.3",
      "jquery": "^3.3.1"
    },
    "repository": "https://github.com/tableaumagic/tableau-extensions-tutorial-part-three",
    "author": "tableaumagic <admin@tableaumagic.com>"
  }

yarn manifest: 
  No manifest

Lockfile: 
  # THIS IS AN AUTOGENERATED FILE. DO NOT EDIT THIS FILE DIRECTLY.
  # yarn lockfile v1
  
  
  bootstrap@^4.1.3:
    version "4.1.3"
    resolved "https://registry.yarnpkg.com/bootstrap/-/bootstrap-4.1.3.tgz#0eb371af2c8448e8c210411d0cb824a6409a12be"
  
  chart.js@^2.7.3:
    version "2.7.3"
    resolved "https://registry.yarnpkg.com/chart.js/-/chart.js-2.7.3.tgz#cdb61618830bf216dc887e2f7b1b3c228b73c57e"
    dependencies:
      chartjs-color "^2.1.0"
      moment "^2.10.2"
  
  chartjs-color-string@^0.5.0:
    version "0.5.0"
    resolved "https://registry.yarnpkg.com/chartjs-color-string/-/chartjs-color-string-0.5.0.tgz#8d3752d8581d86687c35bfe2cb80ac5213ceb8c1"
    dependencies:
      color-name "^1.0.0"
  
  chartjs-color@^2.1.0:
    version "2.2.0"
    resolved "https://registry.yarnpkg.com/chartjs-color/-/chartjs-color-2.2.0.tgz#84a2fb755787ed85c39dd6dd8c7b1d88429baeae"
    dependencies:
      chartjs-color-string "^0.5.0"
      color-convert "^0.5.3"
  
  color-convert@^0.5.3:
    version "0.5.3"
    resolved "https://registry.yarnpkg.com/color-convert/-/color-convert-0.5.3.tgz#bdb6c69ce660fadffe0b0007cc447e1b9f7282bd"
  
  color-name@^1.0.0:
    version "1.1.4"
    resolved "https://registry.yarnpkg.com/color-name/-/color-name-1.1.4.tgz#c2a09a87acbde69543de6f63fa3995c826c536a2"
  
  jquery@^3.3.1:
    version "3.3.1"
    resolved "https://registry.yarnpkg.com/jquery/-/jquery-3.3.1.tgz#958ce29e81c9790f31be7792df5d4d95fc57fbca"
  
  moment@^2.10.2:
    version "2.22.2"
    resolved "https://registry.yarnpkg.com/moment/-/moment-2.22.2.tgz#3c257f9839fc0e93ff53149632239eb90783ff66"
